d:\code\montecarlo_lsfm\montecarlospim\vsproject\mcx\x64\debug_custom\mcx.pdb
d:\code\montecarlo_lsfm\montecarlospim\vsproject\mcx\x64\debug_custom\mcx.idb
d:\code\montecarlo_lsfm\montecarlospim\vsproject\mcx\x64\debug_custom\tictoc.obj
d:\code\montecarlo_lsfm\montecarlospim\vsproject\mcx\x64\debug_custom\mcx_utils.obj
d:\code\montecarlo_lsfm\montecarlospim\vsproject\mcx\x64\debug_custom\mcx_shapes.obj
d:\code\montecarlo_lsfm\montecarlospim\vsproject\mcx\x64\debug_custom\mcextreme.obj
d:\code\montecarlo_lsfm\montecarlospim\vsproject\mcx\x64\debug_custom\cjson.obj
x64\debug_custom\mcx_core.cu.obj
d:\code\montecarlo_lsfm\montecarlospim\vsproject\mcx\x64\debug_custom\mcx.lib
d:\code\montecarlofocus\montecarlospim\vsproject\mcx\x64\debug_custom\mcx_core.cu.cache
d:\code\montecarlofocus\montecarlospim\vsproject\mcx\x64\debug_custom\cjson.obj
d:\code\montecarlofocus\montecarlospim\vsproject\mcx\x64\debug_custom\mcextreme.obj
d:\code\montecarlofocus\montecarlospim\vsproject\mcx\x64\debug_custom\mcx_core.cu.obj
d:\code\montecarlofocus\montecarlospim\vsproject\mcx\x64\debug_custom\mcx_shapes.obj
d:\code\montecarlofocus\montecarlospim\vsproject\mcx\x64\debug_custom\mcx_utils.obj
d:\code\montecarlofocus\montecarlospim\vsproject\mcx\x64\debug_custom\tictoc.obj
d:\code\montecarlofocus\montecarlospim\vsproject\mcx\x64\debug_custom\mcx.idb
d:\code\montecarlofocus\montecarlospim\vsproject\mcx\x64\debug_custom\mcx.pdb
d:\code\montecarlofocus\montecarlospim\vsproject\mcx\x64\debug_custom\mcx.lib
d:\code\montecarlofocus\montecarlospim\vsproject\mcx\x64\debug_custom\mcx.tlog\cl.command.1.tlog
d:\code\montecarlofocus\montecarlospim\vsproject\mcx\x64\debug_custom\mcx.tlog\cl.read.1.tlog
d:\code\montecarlofocus\montecarlospim\vsproject\mcx\x64\debug_custom\mcx.tlog\cl.write.1.tlog
d:\code\montecarlofocus\montecarlospim\vsproject\mcx\x64\debug_custom\mcx.tlog\cudacompile.read.1u.tlog
d:\code\montecarlofocus\montecarlospim\vsproject\mcx\x64\debug_custom\mcx.tlog\cudacompile.write.1u.tlog
d:\code\montecarlofocus\montecarlospim\vsproject\mcx\x64\debug_custom\mcx.tlog\lib-link.read.1.tlog
d:\code\montecarlofocus\montecarlospim\vsproject\mcx\x64\debug_custom\mcx.tlog\lib-link.write.1.tlog
d:\code\montecarlofocus\montecarlospim\vsproject\mcx\x64\debug_custom\mcx.tlog\lib.command.1.tlog
