  Compiling CUDA source file ..\..\..\..\mcx_custom\mcx\src\mcx_core.cu...
  
  D:\Code\MonteCarloFocus\MonteCarloSPIM\VSproject\MCX>"C:\Program Files\NVIDIA GPU Computing Toolkit\CUDA\v10.1\bin\nvcc.exe" -gencode=arch=compute_30,code=\"sm_30,compute_30\" -gencode=arch=compute_35,code=\"sm_35,compute_35\" -gencode=arch=compute_50,code=\"sm_50,compute_50\" -gencode=arch=compute_52,code=\"sm_52,compute_52\" -gencode=arch=compute_70,code=\"sm_70,compute_70\" -gencode=arch=compute_75,code=\"sm_75,compute_75\" --use-local-env -Xcompiler /openmp -ccbin "C:\Program Files (x86)\Microsoft Visual Studio\2019\Community\VC\Tools\MSVC\14.22.27905\bin\HostX86\x64" -x cu  -I"C:\Program Files\NVIDIA GPU Computing Toolkit\CUDA\v10.1\include" -I"C:\Program Files\NVIDIA GPU Computing Toolkit\CUDA\v10.1\include"     --keep-dir x64\Debug_Custom -maxrregcount=0  --machine 64 --compile -cudart static    -use_fast_math -DUSE_XORSHIFT128P_RAND -DUSE_ATOMIC -DSAVE_DETECTORS -DUSE_CACHEBOX -DSAVE_LAUNCHPOS -DSRC_FLUOPATTERN -DNO_USE_RAM -DWIN32 -DWIN64 -D_DEBUG -D_CONSOLE -DSAVE_DETECTORS -DSAVE_LAUNCHPOS -DSRC_FLUOPATTERN -DSAVE_FOCUSPHOTON -DNO_USE_RAM -D_MBCS -Xcompiler "/EHsc /W0 /nologo /Od /Fdx64\Debug_Custom\mcx.pdb /FS /Zi /RTC1 /MDd " -o x64\Debug_Custom\mcx_core.cu.obj "D:\Code\mcx_custom\mcx\src\mcx_core.cu" 
D:/Code/mcx_custom/mcx/src/mcx_core.cu(1848): warning : variable "Pdet" was declared but never referenced
  
D:/Code/mcx_custom/mcx/src/mcx_core.cu(1848): warning : variable "Pdet" was declared but never referenced
  
D:/Code/mcx_custom/mcx/src/mcx_core.cu(1848): warning : variable "Pdet" was declared but never referenced
  
D:/Code/mcx_custom/mcx/src/mcx_core.cu(1848): warning : variable "Pdet" was declared but never referenced
  
D:/Code/mcx_custom/mcx/src/mcx_core.cu(1848): warning : variable "Pdet" was declared but never referenced
  
D:/Code/mcx_custom/mcx/src/mcx_core.cu(1848): warning : variable "Pdet" was declared but never referenced
  
  mcx_core.cu
  cJSON.c
  mcextreme.c
  mcx_shapes.c
  mcx_utils.c
  tictoc.c
  Generating Code...
  mcx.vcxproj -> D:\Code\MonteCarloFocus\MonteCarloSPIM\VSproject\MCX\x64\Debug_Custom\mcx.lib
  copy "C:\Program Files\NVIDIA GPU Computing Toolkit\CUDA\v10.1\bin\cudart*.dll" "D:\Code\MonteCarloFocus\MonteCarloSPIM\VSproject\MCX\x64\Debug_Custom\"
  C:\Program Files\NVIDIA GPU Computing Toolkit\CUDA\v10.1\bin\cudart32_101.dll
  C:\Program Files\NVIDIA GPU Computing Toolkit\CUDA\v10.1\bin\cudart64_101.dll
          2 archivo(s) copiado(s).
  C:\Program Files\NVIDIA GPU Computing Toolkit\CUDA\v10.1\bin\cudart32_101.dll
  C:\Program Files\NVIDIA GPU Computing Toolkit\CUDA\v10.1\bin\cudart64_101.dll
          2 archivo(s) copiado(s).
  C:\Program Files\NVIDIA GPU Computing Toolkit\CUDA\v10.1\bin\cudart32_101.dll
  C:\Program Files\NVIDIA GPU Computing Toolkit\CUDA\v10.1\bin\cudart64_101.dll
          2 archivo(s) copiado(s).
          1 archivo(s) copiado(s).
