  Compiling CUDA source file ..\..\src\MCSPIM_kernel.cu...
  
  D:\Code\MonteCarloFocus\MonteCarloSPIM\VSproject\MonteCarloSPIM>"C:\Program Files\NVIDIA GPU Computing Toolkit\CUDA\v10.1\bin\nvcc.exe" -gencode=arch=compute_35,code=\"sm_35,compute_35\" -gencode=arch=compute_75,code=\"sm_75,compute_75\" --use-local-env -ccbin "C:\Program Files (x86)\Microsoft Visual Studio\2019\Community\VC\Tools\MSVC\14.22.27905\bin\HostX86\x64" -x cu  -ID:\Code\mcx_custom\mcx\src -ID:\Code\MonteCarloFocus\MonteCarloFocus\src -I"C:\Program Files\NVIDIA GPU Computing Toolkit\CUDA\v10.1\include" -I"C:\Program Files\NVIDIA GPU Computing Toolkit\CUDA\v10.1\include" -I"C:\Program Files\NVIDIA GPU Computing Toolkit\CUDA\v10.1\include"  -G -lineinfo  --keep-dir x64\Debug -maxrregcount=0  --machine 64 --compile -cudart static  -g   -D_DEBUG -D_CONSOLE -D_UNICODE -DUNICODE -Xcompiler "/EHsc /W3 /nologo /Od /Fdx64\Debug\vc142.pdb /FS /Zi /RTC1 /MDd " -o x64\Debug\MCSPIM_kernel.cu.obj "D:\Code\MonteCarloFocus\MonteCarloSPIM\src\MCSPIM_kernel.cu" 
D:/Code/MonteCarloFocus/MonteCarloSPIM/src/MCSPIM_kernel.cu(31): warning C4005: 'CUDA_ERROR_CHECK': macro redefinition
D:\Code\MonteCarloFocus\MonteCarloSPIM\src\MCSPIM_kernel.h(12): warning : declaration requires a typedef name
  
D:/Code/MonteCarloFocus/MonteCarloSPIM/src/MCSPIM_kernel.cu(180): warning : unrecognized character escape sequence
  
D:/Code/MonteCarloFocus/MonteCarloSPIM/src/MCSPIM_kernel.cu(150): warning : variable "written" was declared but never referenced
  
D:/Code/MonteCarloFocus/MonteCarloSPIM/src/MCSPIM_kernel.cu(151): warning : variable "idx" was declared but never referenced
  
D:/Code/MonteCarloFocus/MonteCarloSPIM/src/MCSPIM_kernel.cu(152): warning : variable "fidx" was declared but never referenced
  
D:/Code/MonteCarloFocus/MonteCarloSPIM/src/MCSPIM_kernel.cu(358): warning : unrecognized character escape sequence
  
D:/Code/MonteCarloFocus/MonteCarloSPIM/src/MCSPIM_kernel.cu(250): warning : variable "outputVolume" was set but never used
  
D:/Code/MonteCarloFocus/MonteCarloSPIM/src/MCSPIM_kernel.cu(253): warning : variable "activedev" was set but never used
  
D:/Code/MonteCarloFocus/MonteCarloSPIM/src/MCSPIM_kernel.cu(266): warning : variable "simPhotons" was declared but never referenced
  
D:/Code/MonteCarloFocus/MonteCarloSPIM/src/MCSPIM_kernel.cu(267): warning : variable "detPhotons" was declared but never referenced
  
D:/Code/MonteCarloFocus/MonteCarloSPIM/src/MCSPIM_kernel.cu(268): warning : variable "mcxTime" was declared but never referenced
  
D:/Code/MonteCarloFocus/MonteCarloSPIM/src/MCSPIM_kernel.cu(269): warning : variable "focusTime" was declared but never referenced
  
D:/Code/MonteCarloFocus/MonteCarloSPIM/src/MCSPIM_kernel.cu(270): warning : variable "simTime" was declared but never referenced
  
D:/Code/MonteCarloFocus/MonteCarloSPIM/src/MCSPIM_kernel.cu(31): warning C4005: 'CUDA_ERROR_CHECK': macro redefinition
D:\Code\MonteCarloFocus\MonteCarloSPIM\src\MCSPIM_kernel.h(12): warning : declaration requires a typedef name
  
D:/Code/MonteCarloFocus/MonteCarloSPIM/src/MCSPIM_kernel.cu(180): warning : unrecognized character escape sequence
  
D:/Code/MonteCarloFocus/MonteCarloSPIM/src/MCSPIM_kernel.cu(150): warning : variable "written" was declared but never referenced
  
D:/Code/MonteCarloFocus/MonteCarloSPIM/src/MCSPIM_kernel.cu(151): warning : variable "idx" was declared but never referenced
  
D:/Code/MonteCarloFocus/MonteCarloSPIM/src/MCSPIM_kernel.cu(152): warning : variable "fidx" was declared but never referenced
  
D:/Code/MonteCarloFocus/MonteCarloSPIM/src/MCSPIM_kernel.cu(358): warning : unrecognized character escape sequence
  
D:/Code/MonteCarloFocus/MonteCarloSPIM/src/MCSPIM_kernel.cu(250): warning : variable "outputVolume" was set but never used
  
D:/Code/MonteCarloFocus/MonteCarloSPIM/src/MCSPIM_kernel.cu(253): warning : variable "activedev" was set but never used
  
D:/Code/MonteCarloFocus/MonteCarloSPIM/src/MCSPIM_kernel.cu(266): warning : variable "simPhotons" was declared but never referenced
  
D:/Code/MonteCarloFocus/MonteCarloSPIM/src/MCSPIM_kernel.cu(267): warning : variable "detPhotons" was declared but never referenced
  
D:/Code/MonteCarloFocus/MonteCarloSPIM/src/MCSPIM_kernel.cu(268): warning : variable "mcxTime" was declared but never referenced
  
D:/Code/MonteCarloFocus/MonteCarloSPIM/src/MCSPIM_kernel.cu(269): warning : variable "focusTime" was declared but never referenced
  
D:/Code/MonteCarloFocus/MonteCarloSPIM/src/MCSPIM_kernel.cu(270): warning : variable "simTime" was declared but never referenced
  
CUDACOMPILE : ptxas warning : Conflicting options --device-debug and --generate-line-info specified, ignoring --generate-line-info option
CUDACOMPILE : ptxas warning : Conflicting options --device-debug and --generate-line-info specified, ignoring --generate-line-info option
D:/Code/MonteCarloFocus/MonteCarloSPIM/src/MCSPIM_kernel.cu(31): warning C4005: 'CUDA_ERROR_CHECK': macro redefinition
D:\Code\MonteCarloFocus\MonteCarloSPIM\src\MCSPIM_kernel.h(12): warning : declaration requires a typedef name
  
D:/Code/MonteCarloFocus/MonteCarloSPIM/src/MCSPIM_kernel.cu(180): warning : unrecognized character escape sequence
  
D:/Code/MonteCarloFocus/MonteCarloSPIM/src/MCSPIM_kernel.cu(358): warning : unrecognized character escape sequence
  
CUDACOMPILE : nvcc warning : '--device-debug (-G)' overrides '--generate-line-info (-lineinfo)'
  MCSPIM_kernel.cu
D:/Code/MonteCarloFocus/MonteCarloSPIM/src/MCSPIM_kernel.cu(137): warning C4018: '<': signed/unsigned mismatch
D:/Code/MonteCarloFocus/MonteCarloSPIM/src/MCSPIM_kernel.cu(228): warning C4018: '<': signed/unsigned mismatch
D:/Code/MonteCarloFocus/MonteCarloSPIM/src/MCSPIM_kernel.cu(151): warning C4101: 'idx': unreferenced local variable
D:/Code/MonteCarloFocus/MonteCarloSPIM/src/MCSPIM_kernel.cu(150): warning C4101: 'written': unreferenced local variable
D:/Code/MonteCarloFocus/MonteCarloSPIM/src/MCSPIM_kernel.cu(315): warning C4244: '=': conversion from 'double' to 'size_t', possible loss of data
D:/Code/MonteCarloFocus/MonteCarloSPIM/src/MCSPIM_kernel.cu(339): warning C4477: 'printf' : format string '%u' requires an argument of type 'unsigned int', but variadic argument 1 has type 'size_t'
  D:/Code/MonteCarloFocus/MonteCarloSPIM/src/MCSPIM_kernel.cu(339): note: consider using '%zu' in the format string
  MonteCarloSPIM.cpp
D:\Code\MonteCarloFocus\MonteCarloSPIM\src\MCSPIM_kernel.h(12,2): warning C4091:  'typedef ': ignored on left of 'MCSPIMStats' when no variable is declared
  MonteCarloSPIM.vcxproj -> D:\Code\MonteCarloFocus\MonteCarloSPIM\VSproject\x64\Debug\MonteCarloSPIM.exe
